{"timestamp":"2025-12-19T21:44:42.485Z","level":"info","message":"Login success","username":"arifa","role":"user"}
{"timestamp":"2025-12-19T21:44:43.935Z","level":"info","message":"GET /api/harga","wilayah":null}
{"timestamp":"2025-12-19T21:44:43.937Z","level":"info","message":"GET /api/harga","wilayah":null}
{"timestamp":"2025-12-19T21:44:43.938Z","level":"info","message":"GET /api/harga","wilayah":null}
{"timestamp":"2025-12-19T21:44:43.939Z","level":"info","message":"GET /api/harga","wilayah":null}
{"timestamp":"2025-12-19T21:45:27.105Z","level":"info","message":"Login success","username":"admin","role":"admin"}
{"timestamp":"2025-12-19T21:45:27.239Z","level":"info","message":"GET /api/harga","wilayah":null}
{"timestamp":"2025-12-19T21:45:27.250Z","level":"info","message":"GET /api/harga","wilayah":null}
{"timestamp":"2025-12-19T21:45:27.267Z","level":"info","message":"GET /api/harga","wilayah":null}
{"timestamp":"2025-12-19T21:45:27.269Z","level":"info","message":"GET /api/harga","wilayah":null}
{"timestamp":"2025-12-19T21:45:47.634Z","level":"info","message":"POST /api/harga success","id":225,"nama":"tes","wilayah":"Aceh","kategori":"pokok"}
{"timestamp":"2025-12-19T21:45:47.716Z","level":"info","message":"GET /api/harga","wilayah":null}
{"timestamp":"2025-12-19T21:59:14.547Z","level":"info","message":"Harga berhasil diupdate","id":"225","nama":"tes"}
{"timestamp":"2025-12-19T21:59:14.901Z","level":"info","message":"GET /api/harga","wilayah":null}
{"timestamp":"2025-12-19T21:59:22.761Z","level":"info","message":"Harga berhasil dihapus","id":"225"}
{"timestamp":"2025-12-19T21:59:22.775Z","level":"info","message":"GET /api/harga","wilayah":null}
{"timestamp":"2025-12-19T22:34:22.881Z","level":"info","message":"GET /api/harga","wilayah":null}
{"timestamp":"2025-12-19T22:34:27.511Z","level":"info","message":"GET /api/harga","wilayah":null}
{"timestamp":"2025-12-19T23:42:03.324Z","level":"info","message":"POST /api/harga success","id":226,"nama":"tes","wilayah":"Aceh","kategori":"pokok"}
{"timestamp":"2025-12-19T23:42:03.436Z","level":"info","message":"GET /api/harga","wilayah":null}
{"timestamp":"2025-12-19T23:42:35.636Z","level":"info","message":"Harga berhasil diupdate","id":"226","nama":"tes"}
{"timestamp":"2025-12-19T23:42:35.698Z","level":"info","message":"GET /api/harga","wilayah":null}
{"timestamp":"2025-12-19T23:42:44.859Z","level":"info","message":"Harga berhasil dihapus","id":"226"}
{"timestamp":"2025-12-19T23:42:44.929Z","level":"info","message":"GET /api/harga","wilayah":null}
{"timestamp":"2025-12-20T10:27:18.357Z","level":"info","message":"GET /api/harga","wilayah":null}
{"timestamp":"2025-12-20T10:27:18.362Z","level":"info","message":"GET /api/harga","wilayah":null}
{"timestamp":"2025-12-20T10:32:20.665Z","level":"info","message":"Register success","username":"lzmanis"}
{"timestamp":"2025-12-20T10:32:46.303Z","level":"warn","message":"Login failed: wrong password","username":"lzmanis"}
{"timestamp":"2025-12-20T10:32:53.398Z","level":"info","message":"Login success","username":"lzmanis","role":"user"}
{"timestamp":"2025-12-20T10:33:03.722Z","level":"info","message":"GET /api/harga","wilayah":null}
{"timestamp":"2025-12-20T10:33:03.727Z","level":"info","message":"GET /api/harga","wilayah":null}
{"timestamp":"2025-12-20T10:33:03.730Z","level":"info","message":"GET /api/harga","wilayah":null}
{"timestamp":"2025-12-20T10:33:03.732Z","level":"info","message":"GET /api/harga","wilayah":null}
{"timestamp":"2025-12-20T10:34:31.510Z","level":"info","message":"Login success","username":"admin","role":"admin"}
{"timestamp":"2025-12-20T10:34:38.600Z","level":"info","message":"GET /api/harga","wilayah":null}
{"timestamp":"2025-12-20T10:34:38.606Z","level":"info","message":"GET /api/harga","wilayah":null}
{"timestamp":"2025-12-20T10:34:38.611Z","level":"info","message":"GET /api/harga","wilayah":null}
{"timestamp":"2025-12-20T10:34:38.618Z","level":"info","message":"GET /api/harga","wilayah":null}
{"timestamp":"2025-12-20T10:35:04.335Z","level":"info","message":"POST /api/harga success","id":227,"nama":"tes","wilayah":"Aceh","kategori":"pokok"}
{"timestamp":"2025-12-20T10:35:04.518Z","level":"info","message":"GET /api/harga","wilayah":null}
{"timestamp":"2025-12-20T10:35:27.094Z","level":"info","message":"Harga berhasil diupdate","id":"227","nama":"tes"}
{"timestamp":"2025-12-20T10:35:27.206Z","level":"info","message":"GET /api/harga","wilayah":null}
{"timestamp":"2025-12-20T10:35:47.186Z","level":"info","message":"Harga berhasil dihapus","id":"227"}
{"timestamp":"2025-12-20T10:35:47.282Z","level":"info","message":"GET /api/harga","wilayah":null}
{"timestamp":"2025-12-20T11:38:59.498Z","level":"info","message":"GET /api/harga","wilayah":null}
{"timestamp":"2025-12-20T11:38:59.502Z","level":"info","message":"GET /api/harga","wilayah":null}
{"timestamp":"2025-12-20T11:38:59.504Z","level":"info","message":"GET /api/harga","wilayah":null}
{"timestamp":"2025-12-20T11:38:59.506Z","level":"info","message":"GET /api/harga","wilayah":null}
{"timestamp":"2025-12-20T11:39:50.156Z","level":"info","message":"POST /api/harga success","id":228,"nama":"tes","wilayah":"Aceh","kategori":"pokok"}
{"timestamp":"2025-12-20T11:39:50.223Z","level":"info","message":"GET /api/harga","wilayah":null}
{"timestamp":"2025-12-20T11:40:58.626Z","level":"error","message":"PUT /api/harga/:id gagal","error":"\nInvalid `prisma.harga.update()` invocation:\n\n\nServer has closed the connection."}
{"timestamp":"2025-12-20T11:41:03.245Z","level":"info","message":"Harga berhasil diupdate","id":"228","nama":"tes"}
{"timestamp":"2025-12-20T11:41:03.306Z","level":"info","message":"GET /api/harga","wilayah":null}
{"timestamp":"2025-12-20T11:41:10.495Z","level":"info","message":"Harga berhasil dihapus","id":"228"}
{"timestamp":"2025-12-20T11:41:10.538Z","level":"info","message":"GET /api/harga","wilayah":null}
{"timestamp":"2025-12-20T11:57:46.270Z","level":"info","message":"POST /api/harga success","id":229,"nama":"tes","wilayah":"Aceh","kategori":"pokok"}
{"timestamp":"2025-12-20T11:57:46.331Z","level":"info","message":"GET /api/harga","wilayah":null}
{"timestamp":"2025-12-20T11:57:59.664Z","level":"info","message":"Harga berhasil diupdate","id":"229","nama":"tes"}
{"timestamp":"2025-12-20T11:57:59.731Z","level":"info","message":"GET /api/harga","wilayah":null}
{"timestamp":"2025-12-20T11:58:05.970Z","level":"info","message":"Harga berhasil dihapus","id":"229"}
{"timestamp":"2025-12-20T11:58:06.034Z","level":"info","message":"GET /api/harga","wilayah":null}
{"timestamp":"2025-12-20T12:21:12.621Z","level":"info","message":"GET /api/harga","wilayah":null}
{"timestamp":"2025-12-20T12:21:12.623Z","level":"info","message":"GET /api/harga","wilayah":null}
{"timestamp":"2025-12-20T12:21:12.624Z","level":"info","message":"GET /api/harga","wilayah":null}
{"timestamp":"2025-12-20T12:21:12.625Z","level":"info","message":"GET /api/harga","wilayah":null}
{"timestamp":"2025-12-20T12:21:21.115Z","level":"info","message":"POST /api/harga success","id":230,"nama":"tes","wilayah":"Aceh","kategori":"pokok"}
{"timestamp":"2025-12-20T12:21:21.244Z","level":"info","message":"GET /api/harga","wilayah":null}
{"timestamp":"2025-12-20T12:21:42.698Z","level":"info","message":"Harga berhasil diupdate","id":"230","nama":"tes"}
{"timestamp":"2025-12-20T12:21:42.748Z","level":"info","message":"GET /api/harga","wilayah":null}
{"timestamp":"2025-12-20T12:21:50.124Z","level":"info","message":"Harga berhasil dihapus","id":"230"}
{"timestamp":"2025-12-20T12:21:50.154Z","level":"info","message":"GET /api/harga","wilayah":null}
{"timestamp":"2025-12-20T12:49:13.939Z","level":"info","message":"GET /api/harga","wilayah":null}
{"timestamp":"2025-12-20T12:49:13.940Z","level":"info","message":"GET /api/harga","wilayah":null}
{"timestamp":"2025-12-20T12:49:13.941Z","level":"info","message":"GET /api/harga","wilayah":null}
{"timestamp":"2025-12-20T12:49:13.942Z","level":"info","message":"GET /api/harga","wilayah":null}
{"timestamp":"2025-12-20T12:50:53.237Z","level":"info","message":"GET /api/harga","wilayah":null}
{"timestamp":"2025-12-20T12:50:53.239Z","level":"info","message":"GET /api/harga","wilayah":null}
{"timestamp":"2025-12-20T12:51:05.302Z","level":"info","message":"POST /api/harga success","id":231,"nama":"tes","wilayah":"Aceh","kategori":"pokok"}
{"timestamp":"2025-12-20T12:51:05.368Z","level":"info","message":"GET /api/harga","wilayah":null}
{"timestamp":"2025-12-20T12:51:21.929Z","level":"info","message":"Harga berhasil diupdate","id":"231","nama":"tes"}
{"timestamp":"2025-12-20T12:51:21.994Z","level":"info","message":"GET /api/harga","wilayah":null}
{"timestamp":"2025-12-20T12:51:29.682Z","level":"info","message":"Harga berhasil dihapus","id":"231"}
{"timestamp":"2025-12-20T12:51:29.723Z","level":"info","message":"GET /api/harga","wilayah":null}
{"timestamp":"2025-12-20T12:53:23.814Z","level":"info","message":"GET /api/harga","wilayah":null}
{"timestamp":"2025-12-20T12:53:23.830Z","level":"info","message":"GET /api/harga","wilayah":null}
{"timestamp":"2025-12-20T12:53:39.169Z","level":"info","message":"POST /api/harga success","id":232,"nama":"tes","wilayah":"Aceh","kategori":"pokok"}
{"timestamp":"2025-12-20T12:53:39.205Z","level":"info","message":"GET /api/harga","wilayah":null}
{"timestamp":"2025-12-20T12:53:54.295Z","level":"info","message":"Harga berhasil diupdate","id":"232","nama":"tes"}
{"timestamp":"2025-12-20T12:53:54.337Z","level":"info","message":"GET /api/harga","wilayah":null}
{"timestamp":"2025-12-20T12:54:03.241Z","level":"info","message":"Harga berhasil dihapus","id":"232"}
{"timestamp":"2025-12-20T12:54:03.271Z","level":"info","message":"GET /api/harga","wilayah":null}
{"timestamp":"2025-12-20T12:54:23.938Z","level":"info","message":"Login success","username":"admin","role":"admin"}
{"timestamp":"2025-12-20T12:54:24.363Z","level":"info","message":"GET /api/harga","wilayah":null}
{"timestamp":"2025-12-20T12:54:24.383Z","level":"info","message":"GET /api/harga","wilayah":null}
{"timestamp":"2025-12-20T12:54:24.383Z","level":"info","message":"GET /api/harga","wilayah":null}
{"timestamp":"2025-12-20T12:54:24.384Z","level":"info","message":"GET /api/harga","wilayah":null}
{"timestamp":"2025-12-20T12:59:26.189Z","level":"info","message":"POST /api/harga success","id":233,"nama":"tes","wilayah":"Aceh","kategori":"pokok"}
{"timestamp":"2025-12-20T12:59:26.222Z","level":"info","message":"GET /api/harga","wilayah":null}
{"timestamp":"2025-12-20T12:59:47.347Z","level":"info","message":"Harga berhasil diupdate","id":"233","nama":"tes"}
{"timestamp":"2025-12-20T12:59:47.417Z","level":"info","message":"GET /api/harga","wilayah":null}
{"timestamp":"2025-12-20T13:00:03.041Z","level":"info","message":"Harga berhasil dihapus","id":"233"}
{"timestamp":"2025-12-20T13:00:03.071Z","level":"info","message":"GET /api/harga","wilayah":null}
{"timestamp":"2025-12-20T13:00:07.264Z","level":"error","message":"DELETE /api/harga/:id gagal","error":"\nInvalid `prisma.harga.delete()` invocation:\n\n\nAn operation failed because it depends on one or more records that were required but not found. Record to delete does not exist."}
